


ARM Macro Assembler    Page 1 


    1 00000000                 AREA             |.text|,CODE,READONLY
    2 00000000                 ENTRY
    3 00000000                 IMPORT           adder
    4 00000000                 IMPORT           num
    5 00000000                 EXPORT           __main
    6 00000000         __main
    7 00000000 4802            LDR              R0,=num
    8 00000002 F04F 0124       MOV              R1,#36
    9 00000006 6001            STR              R1,[R0]
   10 00000008 F7FF FFFE       BL               adder
   11 0000000C         
   12 0000000C                 END
              00000000 
Command Line: --debug --xref --diag_suppress=9931 --cpu=Cortex-M4.fp --apcs=int
erwork --depend=.\objects\main.d -o.\objects\main.o -I.\RTE\_Target_1 -IC:\Keil
_v5\ARM\PACK\ARM\CMSIS\5.4.0\CMSIS\Core\Include -IC:\Keil_v5\ARM\PACK\Keil\STM3
2F4xx_DFP\2.13.0\Drivers\CMSIS\Device\ST\STM32F4xx\Include --predefine="__EVAL 
SETA 1" --predefine="__UVISION_VERSION SETA 526" --predefine="_RTE_ SETA 1" --p
redefine="STM32F401xC SETA 1" --list=.\listings\main.lst main.s



ARM Macro Assembler    Page 1 Alphabetic symbol ordering
Relocatable symbols

.text 00000000

Symbol: .text
   Definitions
      At line 1 in file main.s
   Uses
      None
Comment: .text unused
__main 00000000

Symbol: __main
   Definitions
      At line 6 in file main.s
   Uses
      At line 5 in file main.s
Comment: __main used once
2 symbols



ARM Macro Assembler    Page 1 Alphabetic symbol ordering
External symbols

adder 00000000

Symbol: adder
   Definitions
      At line 3 in file main.s
   Uses
      At line 10 in file main.s
Comment: adder used once
num 00000000

Symbol: num
   Definitions
      At line 4 in file main.s
   Uses
      At line 7 in file main.s
Comment: num used once
2 symbols
341 symbols in table
