


ARM Macro Assembler    Page 1 


    1 00000000         
    2 00000000                 AREA             mycode,CODE,READONLY
    3 00000000                 ENTRY
    4 00000000                 EXPORT           __main
    5 00000000         __main
    6 00000000 4818            LDR              R0,=0xE000ED88
    7 00000002 6801            LDR              R1,[R0]
    8 00000004 F441 0170       ORR              R1,R1,#(0xF<<20)
    9 00000008 6001            STR              R1,[R0]
   10 0000000A F3BF 8F4F       DSB
   11 0000000E F3BF 8F6F       ISB
   12 00000012         
   13 00000012 ED9F 2A15       VLDR.F32         S4,=1.04719
   14 00000016 F000 F801       BL               CALA
   15 0000001A E7FE    STOP    B                STOP
   16 0000001C         
   17 0000001C         CALA
   18 0000001C ED9F 0A0E       VLDR.F32         S0,INVFAC3
   19 00000020 EDDF 0A0E       VLDR.F32         S1,INVFAC5
   20 00000024 ED9F 1A0E       VLDR.F32         S2,INVFAC7
   21 00000028         
   22 00000028 EE62 1A02       VMUL.F32         S3,S4,S4
   23 0000002C EE62 1A21       VMUL.F32         S3,S4,S3
   24 00000030 EE61 2A82       VMUL.F32         S5,S3,S4
   25 00000034 EE62 2A82       VMUL.F32         S5,S5,S4
   26 00000038 EE62 3A82       VMUL.F32         S7,S5,S4
   27 0000003C EE63 3A82       VMUL.F32         S7,S7,S4
   28 00000040         
   29 00000040 EE61 1A80       VMUL.F32         S3,S3,S0
   30 00000044 EE62 2AA0       VMUL.F32         S5,S5,S1
   31 00000048 EE63 3A81       VMUL.F32         S7,S7,S2
   32 0000004C         
   33 0000004C EE32 3A61       VSUB.F32         S6,S4,S3
   34 00000050 EE72 2AE3       VSUB.F32         S5,S5,S7
   35 00000054 EE33 3A22       VADD.F32         S6,S6,S5
   36 00000058         
   37 00000058 3E2AAAAB 
                       INVFAC3 DCD              0x3E2AAAAB
   38 0000005C 3C088889 
                       INVFAC5 DCD              0x3C088889
   39 00000060 39500D00 
                       INVFAC7 DCD              0x39500D00
   40 00000064         
   41 00000064                 END
              E000ED88 
              3F860A52 
Command Line: --debug --xref --diag_suppress=9931 --cpu=Cortex-M4.fp --apcs=int
erwork --depend=.\objects\main.d -o.\objects\main.o -I.\RTE\_Target_1 -IC:\Keil
_v5\ARM\PACK\ARM\CMSIS\5.4.0\CMSIS\Core\Include -IC:\Keil_v5\ARM\PACK\Keil\STM3
2F4xx_DFP\2.13.0\Drivers\CMSIS\Device\ST\STM32F4xx\Include --predefine="__EVAL 
SETA 1" --predefine="__MICROLIB SETA 1" --predefine="__UVISION_VERSION SETA 526
" --predefine="_RTE_ SETA 1" --predefine="STM32F401xC SETA 1" --list=.\listings
\main.lst main.s



ARM Macro Assembler    Page 1 Alphabetic symbol ordering
Relocatable symbols

CALA 0000001C

Symbol: CALA
   Definitions
      At line 17 in file main.s
   Uses
      At line 14 in file main.s
Comment: CALA used once
INVFAC3 00000058

Symbol: INVFAC3
   Definitions
      At line 37 in file main.s
   Uses
      At line 18 in file main.s
Comment: INVFAC3 used once
INVFAC5 0000005C

Symbol: INVFAC5
   Definitions
      At line 38 in file main.s
   Uses
      At line 19 in file main.s
Comment: INVFAC5 used once
INVFAC7 00000060

Symbol: INVFAC7
   Definitions
      At line 39 in file main.s
   Uses
      At line 20 in file main.s
Comment: INVFAC7 used once
STOP 0000001A

Symbol: STOP
   Definitions
      At line 15 in file main.s
   Uses
      At line 15 in file main.s
Comment: STOP used once
__main 00000000

Symbol: __main
   Definitions
      At line 5 in file main.s
   Uses
      At line 4 in file main.s
Comment: __main used once
mycode 00000000

Symbol: mycode
   Definitions
      At line 2 in file main.s
   Uses
      None
Comment: mycode unused
7 symbols
345 symbols in table
