


ARM Macro Assembler    Page 1 


    1 00000000         
    2 00000000         
    3 00000000                 AREA             mycode,CODE,READONLY
    4 00000000                 ENTRY
    5 00000000                 EXPORT           __main
    6 00000000         
    7 00000000         __main
    8 00000000 F04F 0005       MOV              R0,#5
    9 00000004 F04F 0101       MOV              R1,#1
   10 00000008         
   11 00000008 FB01 F100 
                       AGAIN   MUL              R1,R1,R0
   12 0000000C 1E40            SUBS             R0,R0,#1
   13 0000000E D1FB            BNE              AGAIN
   14 00000010         
   15 00000010 E7FE    STOP    B                STOP
   16 00000012                 END
Command Line: --debug --xref --diag_suppress=9931 --cpu=Cortex-M4.fp --apcs=int
erwork --depend=.\objects\main.d -o.\objects\main.o -I.\RTE\_Target_1 -IC:\Keil
_v5\ARM\PACK\ARM\CMSIS\5.4.0\CMSIS\Core\Include -IC:\Keil_v5\ARM\PACK\Keil\STM3
2F4xx_DFP\2.13.0\Drivers\CMSIS\Device\ST\STM32F4xx\Include --predefine="__EVAL 
SETA 1" --predefine="__MICROLIB SETA 1" --predefine="__UVISION_VERSION SETA 526
" --predefine="_RTE_ SETA 1" --predefine="STM32F401xC SETA 1" --list=.\listings
\main.lst main.s



ARM Macro Assembler    Page 1 Alphabetic symbol ordering
Relocatable symbols

AGAIN 00000008

Symbol: AGAIN
   Definitions
      At line 11 in file main.s
   Uses
      At line 13 in file main.s
Comment: AGAIN used once
STOP 00000010

Symbol: STOP
   Definitions
      At line 15 in file main.s
   Uses
      At line 15 in file main.s
Comment: STOP used once
__main 00000000

Symbol: __main
   Definitions
      At line 7 in file main.s
   Uses
      At line 5 in file main.s
Comment: __main used once
mycode 00000000

Symbol: mycode
   Definitions
      At line 3 in file main.s
   Uses
      None
Comment: mycode unused
4 symbols
340 symbols in table
