


ARM Macro Assembler    Page 1 


    1 00000000         
    2 00000000         
    3 00000000         
    4 00000000                 AREA             mycode,CODE,READONLY
    5 00000000                 ENTRY
    6 00000000                 EXPORT           __main
    7 00000000         
    8 00000000         __main
    9 00000000         
   10 00000000 F04F 00CD       MOV              R0,#205
   11 00000004 F04F 0206       MOV              R2,#6
   12 00000008 F04F 0100       MOV              R1,#0
   13 0000000C 4290    AGAIN   CMP              R0,R2
   14 0000000E D303            BLO              STOP
   15 00000010 1A80            SUBS             R0,R0,R2
   16 00000012 F101 0101       ADD              R1,R1,#1
   17 00000016 E7F9            B                AGAIN
   18 00000018         
   19 00000018 E7FE    STOP    B                STOP
   20 0000001A                 END
Command Line: --debug --xref --diag_suppress=9931 --cpu=Cortex-M4.fp --apcs=int
erwork --depend=.\objects\main.d -o.\objects\main.o -I.\RTE\_Target_1 -IC:\Keil
_v5\ARM\PACK\ARM\CMSIS\5.4.0\CMSIS\Core\Include -IC:\Keil_v5\ARM\PACK\Keil\STM3
2F4xx_DFP\2.13.0\Drivers\CMSIS\Device\ST\STM32F4xx\Include --predefine="__EVAL 
SETA 1" --predefine="__MICROLIB SETA 1" --predefine="__UVISION_VERSION SETA 526
" --predefine="_RTE_ SETA 1" --predefine="STM32F401xC SETA 1" --list=.\listings
\main.lst main.s



ARM Macro Assembler    Page 1 Alphabetic symbol ordering
Relocatable symbols

AGAIN 0000000C

Symbol: AGAIN
   Definitions
      At line 13 in file main.s
   Uses
      At line 17 in file main.s
Comment: AGAIN used once
STOP 00000018

Symbol: STOP
   Definitions
      At line 19 in file main.s
   Uses
      At line 14 in file main.s
      At line 19 in file main.s

__main 00000000

Symbol: __main
   Definitions
      At line 8 in file main.s
   Uses
      At line 6 in file main.s
Comment: __main used once
mycode 00000000

Symbol: mycode
   Definitions
      At line 4 in file main.s
   Uses
      None
Comment: mycode unused
4 symbols
340 symbols in table
