


ARM Macro Assembler    Page 1 


    1 00000000                 AREA             |.text|,CODE,READONLY
    2 00000000                 EXPORT           ADDER
    3 00000000         ADDER
    4 00000000 F04F 0017       MOV              R0,#23
    5 00000004 4770            BX               LR
    6 00000006                 END
Command Line: --debug --xref --diag_suppress=9931 --cpu=Cortex-M4.fp --apcs=int
erwork --depend=.\objects\function.d -o.\objects\function.o -I.\RTE\_Target_1 -
IC:\Keil_v5\ARM\PACK\ARM\CMSIS\5.4.0\CMSIS\Core\Include -IC:\Keil_v5\ARM\PACK\K
eil\STM32F4xx_DFP\2.13.0\Drivers\CMSIS\Device\ST\STM32F4xx\Include --predefine=
"__EVAL SETA 1" --predefine="__MICROLIB SETA 1" --predefine="__UVISION_VERSION 
SETA 526" --predefine="_RTE_ SETA 1" --predefine="STM32F401xC SETA 1" --list=.\
listings\function.lst function.s



ARM Macro Assembler    Page 1 Alphabetic symbol ordering
Relocatable symbols

.text 00000000

Symbol: .text
   Definitions
      At line 1 in file function.s
   Uses
      None
Comment: .text unused
ADDER 00000000

Symbol: ADDER
   Definitions
      At line 3 in file function.s
   Uses
      At line 2 in file function.s
Comment: ADDER used once
2 symbols
338 symbols in table
