


ARM Macro Assembler    Page 1 


    1 00000000                 AREA             mycode,CODE,READONLY
    2 00000000                 ENTRY
    3 00000000                 EXPORT           __main
    4 00000000         __main
    5 00000000 4806            LDR              R0,=A
    6 00000002 F04F 0103       MOV              R1,#3
    7 00000006 6001            STR              R1,[R0]
    8 00000008         
    9 00000008 4805            LDR              R0,=B
   10 0000000A F04F 0108       MOV              R1,#8
   11 0000000E 6001            STR              R1,[R0]
   12 00000010         
   13 00000010 4804            LDR              R0,=C
   14 00000012 F04F 0106       MOV              R1,#6
   15 00000016 6001            STR              R1,[R0]
   16 00000018         
   17 00000018         
   18 00000018 E7FE    STOP    B                STOP
   19 0000001A         
   20 0000001A 00 00 00000000 
              00000000 
              00000000         AREA             data,DATA,READWRITE
   21 00000000 00 00 00 
              00       A       SPACE            4
   22 00000004 00 00 00 
              00       B       SPACE            4
   23 00000008 00 00 00 
              00       C       SPACE            4
   24 0000000C         
   25 0000000C                 END
Command Line: --debug --xref --diag_suppress=9931 --cpu=Cortex-M4.fp --apcs=int
erwork --depend=.\objects\main.d -o.\objects\main.o -I.\RTE\_Target_1 -IC:\Keil
_v5\ARM\PACK\ARM\CMSIS\5.4.0\CMSIS\Core\Include -IC:\Keil_v5\ARM\PACK\Keil\STM3
2F4xx_DFP\2.13.0\Drivers\CMSIS\Device\ST\STM32F4xx\Include --predefine="__EVAL 
SETA 1" --predefine="__MICROLIB SETA 1" --predefine="__UVISION_VERSION SETA 526
" --predefine="_RTE_ SETA 1" --predefine="STM32F401xC SETA 1" --list=.\listings
\main.lst main.s



ARM Macro Assembler    Page 1 Alphabetic symbol ordering
Relocatable symbols

STOP 00000018

Symbol: STOP
   Definitions
      At line 18 in file main.s
   Uses
      At line 18 in file main.s
Comment: STOP used once
__main 00000000

Symbol: __main
   Definitions
      At line 4 in file main.s
   Uses
      At line 3 in file main.s
Comment: __main used once
mycode 00000000

Symbol: mycode
   Definitions
      At line 1 in file main.s
   Uses
      None
Comment: mycode unused
3 symbols



ARM Macro Assembler    Page 1 Alphabetic symbol ordering
Relocatable symbols

A 00000000

Symbol: A
   Definitions
      At line 21 in file main.s
   Uses
      At line 5 in file main.s
Comment: A used once
B 00000004

Symbol: B
   Definitions
      At line 22 in file main.s
   Uses
      At line 9 in file main.s
Comment: B used once
C 00000008

Symbol: C
   Definitions
      At line 23 in file main.s
   Uses
      At line 13 in file main.s
Comment: C used once
data 00000000

Symbol: data
   Definitions
      At line 20 in file main.s
   Uses
      None
Comment: data unused
4 symbols
345 symbols in table
