


ARM Macro Assembler    Page 1 


    1 00000000         
    2 00000000 00000005 
                       A       EQU              5
    3 00000000        0 
                       COUNT   RN               R0
    4 00000000        3 
                       IN      RN               R3
    5 00000000        1 
                       CMPARE  RN               R1
    6 00000000        2 
                       LOD     RN               R2
    7 00000000         
    8 00000000                 AREA             mycode,CODE,READONLY
    9 00000000                 ENTRY
   10 00000000                 EXPORT           __main
   11 00000000         __main
   12 00000000 F04F 0005       MOV              COUNT,#A
   13 00000004 F04F 0100       MOV              CMPARE,#0
   14 00000008         
   15 00000008 F20F 0318 
              F103 0300        ADRL             IN,data
   16 00000010 681A    L1      LDR              LOD,[IN]
   17 00000012 4291            CMP              CMPARE,LOD
   18 00000014 D200            BHS              INCREAE
   19 00000016 4611            MOV              CMPARE,LOD
   20 00000018         
   21 00000018 F103 0304 
                       INCREAE ADD              IN,IN,#4
   22 0000001C 1E40            SUBS             COUNT,COUNT,#1
   23 0000001E D1F7            BNE              L1
   24 00000020         
   25 00000020 E7FE    STOP    B                STOP
   26 00000022         
   27 00000022         
   28 00000022         
   29 00000022                 AREA             mycode,DATA,READONLY
   30 00000022         
   31 00000022 00 00 00000041 
              00000019 
              00000030 
              00000020 
              0000000E data    DCD              65,25,48,32,14
   32 00000038         
   33 00000038                 END
Command Line: --debug --xref --diag_suppress=9931 --cpu=Cortex-M4.fp --apcs=int
erwork --depend=.\objects\main.d -o.\objects\main.o -I.\RTE\_Target_1 -IC:\Keil
_v5\ARM\PACK\ARM\CMSIS\5.4.0\CMSIS\Core\Include -IC:\Keil_v5\ARM\PACK\Keil\STM3
2F4xx_DFP\2.13.0\Drivers\CMSIS\Device\ST\STM32F4xx\Include --predefine="__EVAL 
SETA 1" --predefine="__MICROLIB SETA 1" --predefine="__UVISION_VERSION SETA 526
" --predefine="_RTE_ SETA 1" --predefine="STM32F401xC SETA 1" --list=.\listings
\main.lst main.s



ARM Macro Assembler    Page 1 Alphabetic symbol ordering
Relocatable symbols

INCREAE 00000018

Symbol: INCREAE
   Definitions
      At line 21 in file main.s
   Uses
      At line 18 in file main.s
Comment: INCREAE used once
L1 00000010

Symbol: L1
   Definitions
      At line 16 in file main.s
   Uses
      At line 23 in file main.s
Comment: L1 used once
STOP 00000020

Symbol: STOP
   Definitions
      At line 25 in file main.s
   Uses
      At line 25 in file main.s
Comment: STOP used once
__main 00000000

Symbol: __main
   Definitions
      At line 11 in file main.s
   Uses
      At line 10 in file main.s
Comment: __main used once
data 00000024

Symbol: data
   Definitions
      At line 31 in file main.s
   Uses
      At line 15 in file main.s
Comment: data used once
mycode 00000000

Symbol: mycode
   Definitions
      At line 8 in file main.s
   Uses
      None
Comment: mycode unused
6 symbols



ARM Macro Assembler    Page 1 Alphabetic symbol ordering
Absolute symbols

A 00000005

Symbol: A
   Definitions
      At line 2 in file main.s
   Uses
      At line 12 in file main.s
Comment: A used once
1 symbol
347 symbols in table
