


ARM Macro Assembler    Page 1 


    1 00000000         
    2 00000000         
    3 00000000         
    4 00000000                 AREA             mycode,CODE,READONLY
    5 00000000                 ENTRY
    6 00000000                 EXPORT           __main
    7 00000000         __main
    8 00000000         
    9 00000000 F04F 0022       MOV              R0,#34
   10 00000004 F04F 0322       MOV              R3,#34
   11 00000008 F20F 012C 
              F101 0100        ADRL             R1,SINDATA
   12 00000010         
   13 00000010         
   14 00000010 285A            CMP              R0,#90
   15 00000012 DD0B            BLE              RETVALUE
   16 00000014         
   17 00000014 28B4            CMP              R0,#180
   18 00000016 BFDC            ITT              LE
   19 00000018 F1C0 00B4       RSBLE            R0,R0,#180
   20 0000001C E006            BLE              RETVALUE
   21 0000001E         
   22 0000001E F5B0 7F87       CMP              R0,#270
   23 00000022 BFDC            ITT              LE
   24 00000024 38B4            SUBLE            R0,R0,#180
   25 00000026 E001            BLE              RETVALUE
   26 00000028 F5C0 70B4       RSB              R0,R0,#360
   27 0000002C         
   28 0000002C         RETVALUE
   29 0000002C F851 0020       LDR              R0,[R1,R0,LSL #2]
   30 00000030 2BB4            CMP              R3,#180
   31 00000032 BFC8            IT               GT
   32 00000034 4240            RSBGT            R0,R0,#0
   33 00000036         
   34 00000036 E7FE    STOP    B                STOP
   35 00000038         
   36 00000038 00000000 
              3C8EF77F 
              3D0EF240 
              3D565E46 SINDATA DCD              0x00000000,0x3C8EF77F,0x3D0EF24
0,0x3D565E46
   37 00000048 3D8EDC3B 
              3DB27ED8 
              3DD612C6 
              3DF99674         DCD              0x3D8EDC3B,0x3DB27ED8,0x3DD612C
6,0x3DF99674
   38 00000058 3E0E835D 
              3E20303C 
              3E31D0C8 
              3E43636F         DCD              0x3E0E835D,0x3E20303C,0x3E31D0C
8,0x3E43636F
   39 00000068 3E54E6E2 
              3E66598E 
              3E77BA66 
              3E8483EC         DCD              0x3E54E6E2,0x3E66598E,0x3E77BA6
6,0x3E8483EC
   40 00000078 3E8D204A 
              3E95B1C8 
              3E9E3779 



ARM Macro Assembler    Page 2 


              3EA6B0D9         DCD              0x3E8D204A,0x3E95B1C8,0x3E9E377
9,0x3EA6B0D9
   41 00000088 3EAF1D3E 
              3EB77C02 
              3EBFCC7D 
              3EC80DE4         DCD              0x3EAF1D3E,0x3EB77C02,0x3EBFCC7
D,0x3EC80DE4
   42 00000098 3ED03FD5 
              3ED86162 
              3EE07229 
              3EE87160         DCD              0x3ED03FD5,0x3ED86162,0x3EE0722
9,0x3EE87160
   43 000000A8 3EF05EA2 
              3EF83904 
              3F000000 
              3F03D987         DCD              0x3EF05EA2,0x3EF83904,0x3F00000
0,0x3F03D987
   44 000000B8 3F07A8C5 
              3F0B6D76 
              3F0F2745 
              3F12D5E0         DCD              0x3F07A8C5,0x3F0B6D76,0x3F0F274
5,0x3F12D5E0
   45 000000C8 3F167913 
              3F1A108C 
              3F1D9C06 
              3F211B1D         DCD              0x3F167913,0x3F1A108C,0x3F1D9C0
6,0x3F211B1D
   46 000000D8 3F248DC1 
              3F27F37B 
              3F2B4C2B 
              3F2E976B         DCD              0x3F248DC1,0x3F27F37B,0x3F2B4C2
B,0x3F2E976B
   47 000000E8 3F31D51B 
              3F3504F6 
              3F3826AA 
              3F3B3A04         DCD              0x3F31D51B,0x3F3504F6,0x3F3826A
A,0x3F3B3A04
   48 000000F8 3F3E3EC0 
              3F4134AC 
              3F441B75 
              3F46F30A         DCD              0x3F3E3EC0,0x3F4134AC,0x3F441B7
5,0x3F46F30A
   49 00000108 3F49BB16 
              3F4C7357 
              3F4F1BBC 
              3F51B3F2         DCD              0x3F49BB16,0x3F4C7357,0x3F4F1BB
C,0x3F51B3F2
   50 00000118 3F543BD5 
              3F56B324 
              3F5919AC 
              3F5B6F4B         DCD              0x3F543BD5,0x3F56B324,0x3F5919A
C,0x3F5B6F4B
   51 00000128 3F5DB3D0 
              3F5FE718 
              3F6208E1 
              3F641908         DCD              0x3F5DB3D0,0x3F5FE718,0x3F6208E
1,0x3F641908
   52 00000138 3F66175D 
              3F6803CD 



ARM Macro Assembler    Page 3 


              3F69DE15 
              3F6BA637         DCD              0x3F66175D,0x3F6803CD,0x3F69DE1
5,0x3F6BA637
   53 00000148 3F6D5BEE 
              3F6EFF19 
              3F708FB8 
              3F720D88         DCD              0x3F6D5BEE,0x3F6EFF19,0x3F708FB
8,0x3F720D88
   54 00000158 3F737878 
              3F74D067 
              3F761544 
              3F7746ED         DCD              0x3F737878,0x3F74D067,0x3F76154
4,0x3F7746ED
   55 00000168 3F786551 
              3F79704F 
              3F7A67E8 
              3F7B4BE8         DCD              0x3F786551,0x3F79704F,0x3F7A67E
8,0x3F7B4BE8
   56 00000178 3F7C1C60 
              3F7CD91E 
              3F7D8234 
              3F7E177E         DCD              0x3F7C1C60,0x3F7CD91E,0x3F7D823
4,0x3F7E177E
   57 00000188 3F7E98FE 
              3F7F06A2 
              3F7F605A 
              3F7FA637         DCD              0x3F7E98FE,0x3F7F06A2,0x3F7F605
A,0x3F7FA637
   58 00000198 3F7FD816 
              3F7FF609 
              3F800000 
              00000000         DCD              0x3F7FD816,0x3F7FF609,0x3F80000
0,0x00000000
   59 000001A8         
   60 000001A8         
   61 000001A8         
   62 000001A8                 END
Command Line: --debug --xref --diag_suppress=9931 --cpu=Cortex-M4.fp --apcs=int
erwork --depend=.\objects\main.d -o.\objects\main.o -I.\RTE\_Target_1 -IC:\Keil
_v5\ARM\PACK\ARM\CMSIS\5.4.0\CMSIS\Core\Include -IC:\Keil_v5\ARM\PACK\Keil\STM3
2F4xx_DFP\2.13.0\Drivers\CMSIS\Device\ST\STM32F4xx\Include --predefine="__EVAL 
SETA 1" --predefine="__MICROLIB SETA 1" --predefine="__UVISION_VERSION SETA 526
" --predefine="_RTE_ SETA 1" --predefine="STM32F401xC SETA 1" --list=.\listings
\main.lst main.s



ARM Macro Assembler    Page 1 Alphabetic symbol ordering
Relocatable symbols

RETVALUE 0000002C

Symbol: RETVALUE
   Definitions
      At line 28 in file main.s
   Uses
      At line 15 in file main.s
      At line 20 in file main.s
      At line 25 in file main.s

SINDATA 00000038

Symbol: SINDATA
   Definitions
      At line 36 in file main.s
   Uses
      At line 11 in file main.s
Comment: SINDATA used once
STOP 00000036

Symbol: STOP
   Definitions
      At line 34 in file main.s
   Uses
      At line 34 in file main.s
Comment: STOP used once
__main 00000000

Symbol: __main
   Definitions
      At line 7 in file main.s
   Uses
      At line 6 in file main.s
Comment: __main used once
mycode 00000000

Symbol: mycode
   Definitions
      At line 4 in file main.s
   Uses
      None
Comment: mycode unused
5 symbols
341 symbols in table
